\BOOKMARK [1][-]{section.1}{Einf\374hrung}{}% 1
\BOOKMARK [2][-]{subsection.1.1}{Ziele}{section.1}% 2
\BOOKMARK [2][-]{subsection.1.2}{Voraussetzungen}{section.1}% 3
\BOOKMARK [2][-]{subsection.1.3}{Aufgabenstellung}{section.1}% 4
\BOOKMARK [1][-]{section.2}{Corba Allgemein \(Overview\)}{}% 5
\BOOKMARK [2][-]{subsection.2.1}{Was ist CORBA omniOrb corbaWiki}{section.2}% 6
\BOOKMARK [2][-]{subsection.2.2}{\334berblick CORBA omniOrb corbaWiki}{section.2}% 7
\BOOKMARK [2][-]{subsection.2.3}{Unterschied zu RMI corbaPDF}{section.2}% 8
\BOOKMARK [2][-]{subsection.2.4}{CORBA im Detail corbaPDF}{section.2}% 9
\BOOKMARK [3][-]{subsubsection.2.4.1}{Object Request Broker \(ORB\) corbaPDF}{subsection.2.4}% 10
\BOOKMARK [3][-]{subsubsection.2.4.2}{Interface Definition Language corbaPDF omgCorba}{subsection.2.4}% 11
\BOOKMARK [3][-]{subsubsection.2.4.3}{\(Protable\) Object Adapter \(\(P\)OA\)corbaPDF poaWiki}{subsection.2.4}% 12
\BOOKMARK [3][-]{subsubsection.2.4.4}{POA Manager Factory}{subsection.2.4}% 13
\BOOKMARK [1][-]{section.3}{Vorbereitung ubuntuCompile}{}% 14
\BOOKMARK [2][-]{subsection.3.1}{Kompilieren von omniOrb omniOrb}{section.3}% 15
\BOOKMARK [2][-]{subsection.3.2}{Probleme beim Builden}{section.3}% 16
\BOOKMARK [2][-]{subsection.3.3}{Probleme beim Ausfuehren}{section.3}% 17
\BOOKMARK [1][-]{section.4}{Ergebnisse}{}% 18
\BOOKMARK [2][-]{subsection.4.1}{Die Server Seite C++}{section.4}% 19
\BOOKMARK [3][-]{subsubsection.4.1.1}{Makefile des Servers}{subsection.4.1}% 20
\BOOKMARK [3][-]{subsubsection.4.1.2}{Ausfuehren des Servers / Ausgabe \(Aufrufe\) des Clients}{subsection.4.1}% 21
\BOOKMARK [2][-]{subsection.4.2}{Die Client Seite Java}{section.4}% 22
\BOOKMARK [3][-]{subsubsection.4.2.1}{build.xml File fuer den Build}{subsection.4.2}% 23
\BOOKMARK [3][-]{subsubsection.4.2.2}{Ausfuehren des Clients}{subsection.4.2}% 24
\BOOKMARK [1][-]{section.5}{Zeitsch\344tzung}{}% 25
